0 info it worked if it ends with ok
1 verbose cli [ '/usr/local/bin/node',
1 verbose cli   '/usr/local/bin/npm',
1 verbose cli   'view',
1 verbose cli   'cucumber-parallelly' ]
2 info using npm@3.6.0
3 info using node@v5.7.0
4 silly mapToRegistry name cucumber-parallelly
5 silly mapToRegistry using default registry
6 silly mapToRegistry registry https://registry.npmjs.org/
7 silly mapToRegistry uri https://registry.npmjs.org/cucumber-parallelly
8 verbose request uri https://registry.npmjs.org/cucumber-parallelly
9 verbose request no auth needed
10 info attempt registry request try #1 at 1:48:21 PM
11 verbose request id b82cdf035da185b0
12 http request GET https://registry.npmjs.org/cucumber-parallelly
13 http 404 https://registry.npmjs.org/cucumber-parallelly
14 verbose headers { 'content-type': 'application/json',
14 verbose headers   'cache-control': 'max-age=0',
14 verbose headers   'content-length': '2',
14 verbose headers   'accept-ranges': 'bytes',
14 verbose headers   date: 'Fri, 18 Mar 2016 17:47:00 GMT',
14 verbose headers   via: '1.1 varnish',
14 verbose headers   age: '0',
14 verbose headers   connection: 'keep-alive',
14 verbose headers   'x-served-by': 'cache-atl6234-ATL',
14 verbose headers   'x-cache': 'MISS',
14 verbose headers   'x-cache-hits': '0',
14 verbose headers   'x-timer': 'S1458323220.431583,VS0,VE132' }
15 silly get cb [ 404,
15 silly get   { 'content-type': 'application/json',
15 silly get     'cache-control': 'max-age=0',
15 silly get     'content-length': '2',
15 silly get     'accept-ranges': 'bytes',
15 silly get     date: 'Fri, 18 Mar 2016 17:47:00 GMT',
15 silly get     via: '1.1 varnish',
15 silly get     age: '0',
15 silly get     connection: 'keep-alive',
15 silly get     'x-served-by': 'cache-atl6234-ATL',
15 silly get     'x-cache': 'MISS',
15 silly get     'x-cache-hits': '0',
15 silly get     'x-timer': 'S1458323220.431583,VS0,VE132' } ]
16 verbose stack Error: Registry returned 404 for GET on https://registry.npmjs.org/cucumber-parallelly
16 verbose stack     at makeError (/usr/local/lib/node_modules/npm/node_modules/npm-registry-client/lib/request.js:264:12)
16 verbose stack     at CachingRegistryClient.<anonymous> (/usr/local/lib/node_modules/npm/node_modules/npm-registry-client/lib/request.js:242:14)
16 verbose stack     at Request._callback (/usr/local/lib/node_modules/npm/node_modules/npm-registry-client/lib/request.js:172:14)
16 verbose stack     at Request.self.callback (/usr/local/lib/node_modules/npm/node_modules/request/request.js:198:22)
16 verbose stack     at emitTwo (events.js:100:13)
16 verbose stack     at Request.emit (events.js:185:7)
16 verbose stack     at Request.<anonymous> (/usr/local/lib/node_modules/npm/node_modules/request/request.js:1035:10)
16 verbose stack     at emitOne (events.js:95:20)
16 verbose stack     at Request.emit (events.js:182:7)
16 verbose stack     at IncomingMessage.<anonymous> (/usr/local/lib/node_modules/npm/node_modules/request/request.js:962:12)
17 verbose statusCode 404
18 verbose pkgid cucumber-parallelly
19 verbose cwd /Users/marozsia/Documents/git/cucumber-parallelly
20 error Darwin 14.5.0
21 error argv "/usr/local/bin/node" "/usr/local/bin/npm" "view" "cucumber-parallelly"
22 error node v5.7.0
23 error npm  v3.6.0
24 error code E404
25 error 404 Registry returned 404 for GET on https://registry.npmjs.org/cucumber-parallelly
26 error 404
27 error 404 'cucumber-parallelly' is not in the npm registry.
28 error 404 You should bug the author to publish it (or use the name yourself!)
29 error 404 Note that you can also install from a
30 error 404 tarball, folder, http url, or git url.
31 verbose exit [ 1, true ]
